<?xml version="1.0" encoding="UTF-8"?>
<!-- Generated by org.testng.reporters.JUnitXMLReporter -->
<testsuite ignored="1" hostname="Shamanth" failures="1" tests="31" name="Test" time="0.264" errors="0" timestamp="2024-01-25T11:51:50 IST">
  <testcase classname="TestNGAll.BikeLoan" name="LoginMobile" time="0.01"/>
  <testcase classname="TestNGAll.BikeLoan" name="LoginMobile" time="0.003"/>
  <testcase classname="TestNGAll.BikeLoan" name="LoginMobile" time="0.002"/>
  <testcase classname="TestNGAll.BikeLoan" name="LoginWeb" time="0.002"/>
  <testcase classname="TestNGAll.BikeLoan" name="password" time="0.003"/>
  <testcase classname="TestNGAll.BikeLoan" name="LoginRestAPI" time="0.002"/>
  <testcase classname="TestNGAll.CarLoan" name="LoginMobile" time="0.002"/>
  <testcase classname="TestNGAll.CarLoan" name="LoginRestAPI" time="0.001"/>
  <testcase classname="TestNGAll.CarLoan" name="LoginWeb" time="0.002"/>
  <testcase classname="TestNGAll.CarLoan" name="password" time="0.002"/>
  <testcase classname="TestNGAll.EducationLoan" name="LoginMobile" time="0.001"/>
  <testcase classname="TestNGAll.EducationLoan" name="LoginRestAPI" time="0.004"/>
  <testcase classname="TestNGAll.EducationLoan" name="LoginWeb" time="0.001"/>
  <testcase classname="TestNGAll.EducationLoan" name="password" time="0.002"/>
  <testcase classname="TestNGAll.FurnitureLoan" name="RestAPILogin" time="0.014"/>
  <testcase classname="TestNGAll.FurnitureLoan" name="WebLogin" time="0.0">
    <failure type="org.testng.TestNGException" message="
Parameter &amp;apos;URL&amp;apos; is required by @Test on method WebLogin but has not been marked @Optional or defined
in C:\Users\Dell\eclipse-workspace\MaSuDeoSeleniumAll\testng2.xml">
      <![CDATA[org.testng.TestNGException: 
Parameter 'URL' is required by @Test on method WebLogin but has not been marked @Optional or defined
in C:\Users\Dell\eclipse-workspace\MaSuDeoSeleniumAll\testng2.xml
at java.base/java.util.ArrayList.forEach(ArrayList.java:1596)
... Removed 26 stack frames]]>
    </failure>
  </testcase> <!-- WebLogin -->
  <testcase classname="TestNGAll.FurnitureLoan" name="password" time="0.007"/>
  <testcase classname="TestNGAll.HomeLoan" name="LoginMobile" time="0.002"/>
  <testcase classname="TestNGAll.HomeLoan" name="LoginRestAPI" time="0.002"/>
  <testcase classname="TestNGAll.HomeLoan" name="LoginWeb" time="0.001"/>
  <testcase classname="TestNGAll.HomeLoan" name="password" time="0.002"/>
  <testcase classname="TestNGAll.IndustrialLoan" name="LoginMobile" time="0.003"/>
  <testcase classname="TestNGAll.IndustrialLoan" name="LoginMobile" time="0.003"/>
  <testcase classname="TestNGAll.IndustrialLoan" name="LoginMobile" time="0.001"/>
  <testcase classname="TestNGAll.IndustrialLoan" name="LoginRestAPI" time="0.001"/>
  <testcase classname="TestNGAll.IndustrialLoan" name="LoginWeb" time="0.001"/>
  <testcase classname="TestNGAll.IndustrialLoan" name="password" time="0.001"/>
  <testcase classname="TestNGAll.PersonalLoan" name="LoginMobile" time="0.005"/>
  <testcase classname="TestNGAll.PersonalLoan" name="LoginRestAPI" time="0.001"/>
  <testcase classname="TestNGAll.PersonalLoan" name="LoginWeb" time="0.002"/>
  <testcase classname="TestNGAll.PersonalLoan" name="password" time="0.001"/>
  <testcase classname="TestNGAll.FurnitureLoan" name="MobileLogin" time="0.0">
    <ignored/>
  </testcase> <!-- MobileLogin -->
</testsuite> <!-- Test -->
